#
# There is insufficient memory for the Java Runtime Environment to continue.
# Native memory allocation (malloc) failed to allocate 1691904 bytes for Chunk::new
# Possible reasons:
#   The system is out of physical RAM or swap space
#   The process is running with CompressedOops enabled, and the Java Heap may be blocking the growth of the native heap
# Possible solutions:
#   Reduce memory load on the system
#   Increase physical memory or swap space
#   Check if swap backing store is full
#   Decrease Java heap size (-Xmx/-Xms)
#   Decrease number of Java threads
#   Decrease Java thread stack sizes (-Xss)
#   Set larger code cache with -XX:ReservedCodeCacheSize=
#   JVM is running with Unscaled Compressed Oops mode in which the Java heap is
#     placed in the first 4GB address space. The Java Heap base address is the
#     maximum limit for the native heap growth. Please use -XX:HeapBaseMinAddress
#     to set the Java Heap base and to place the Java Heap above 4GB virtual address.
# This output file may be truncated or incomplete.
#
#  Out of Memory Error (arena.cpp:189), pid=6984, tid=7668
#
# JRE version: Java(TM) SE Runtime Environment (17.0.12+8) (build 17.0.12+8-LTS-286)
# Java VM: Java HotSpot(TM) 64-Bit Server VM (17.0.12+8-LTS-286, mixed mode, sharing, tiered, compressed oops, compressed class ptrs, g1 gc, windows-amd64)
# No core dump will be written. Minidumps are not enabled by default on client versions of Windows
#

---------------  S U M M A R Y ------------

Command Line: org.jetbrains.kotlin.cli.jvm.K2JVMCompiler @C:\Users\chlwl\yeodam\node_modules\@react-native\gradle-plugin\settings-plugin\build\20241212_13048288554513874057.compiler.options

Host: Intel(R) Core(TM) i5-1035G4 CPU @ 1.10GHz, 8 cores, 7G,  Windows 11 , 64 bit Build 22621 (10.0.22621.4391)
Time: Thu Dec 12 20:25:14 2024  Windows 11 , 64 bit Build 22621 (10.0.22621.4391) elapsed time: 36.278174 seconds (0d 0h 0m 36s)

---------------  T H R E A D  ---------------

Current thread (0x00000239f9fcc850):  JavaThread "C2 CompilerThread0" daemon [_thread_in_native, id=7668, stack(0x000000e79e900000,0x000000e79ea00000)]


Current CompileTask:
C2:  36278 6942   !   4       jdk.internal.loader.BuiltinClassLoader::loadClassOrNull (143 bytes)

Stack: [0x000000e79e900000,0x000000e79ea00000]
Native frames: (J=compiled Java code, j=interpreted, Vv=VM code, C=native code)
V  [jvm.dll+0x67a04a]
V  [jvm.dll+0x7da4ed]
V  [jvm.dll+0x7dbe33]
V  [jvm.dll+0x7dc4a3]
V  [jvm.dll+0x24508f]
V  [jvm.dll+0xab773]
V  [jvm.dll+0xabd3c]
V  [jvm.dll+0x361bee]
V  [jvm.dll+0x1ba45a]
V  [jvm.dll+0x216997]
V  [jvm.dll+0x215c6f]
V  [jvm.dll+0x1a2960]
V  [jvm.dll+0x22610b]
V  [jvm.dll+0x2242ab]
V  [jvm.dll+0x79075c]
V  [jvm.dll+0x78abea]
V  [jvm.dll+0x678f35]
C  [ucrtbase.dll+0x29333]
C  [KERNEL32.DLL+0x1259d]
C  [ntdll.dll+0x5af38]


---------------  P R O C E S S  ---------------

Threads class SMR info:
_java_thread_list=0x00000239fa34b240, length=12, elements={
0x00000239dbfa72c0, 0x00000239f9fa6800, 0x00000239f9fa73c0, 0x00000239f9fc7d60,
0x00000239f9fc8720, 0x00000239f9fcb0f0, 0x00000239f9fcbab0, 0x00000239f9fcc850,
0x00000239f9fcdaa0, 0x00000239fa040800, 0x00000239fa10e080, 0x00000239fa112810
}

Java Threads: ( => current thread )
  0x00000239dbfa72c0 JavaThread "main" [_thread_in_Java, id=4204, stack(0x000000e79db00000,0x000000e79dc00000)]
  0x00000239f9fa6800 JavaThread "Reference Handler" daemon [_thread_blocked, id=20220, stack(0x000000e79e200000,0x000000e79e300000)]
  0x00000239f9fa73c0 JavaThread "Finalizer" daemon [_thread_blocked, id=26000, stack(0x000000e79e300000,0x000000e79e400000)]
  0x00000239f9fc7d60 JavaThread "Signal Dispatcher" daemon [_thread_blocked, id=28236, stack(0x000000e79e500000,0x000000e79e600000)]
  0x00000239f9fc8720 JavaThread "Attach Listener" daemon [_thread_blocked, id=25824, stack(0x000000e79e600000,0x000000e79e700000)]
  0x00000239f9fcb0f0 JavaThread "Service Thread" daemon [_thread_blocked, id=14624, stack(0x000000e79e700000,0x000000e79e800000)]
  0x00000239f9fcbab0 JavaThread "Monitor Deflation Thread" daemon [_thread_blocked, id=24100, stack(0x000000e79e800000,0x000000e79e900000)]
=>0x00000239f9fcc850 JavaThread "C2 CompilerThread0" daemon [_thread_in_native, id=7668, stack(0x000000e79e900000,0x000000e79ea00000)]
  0x00000239f9fcdaa0 JavaThread "C1 CompilerThread0" daemon [_thread_blocked, id=26440, stack(0x000000e79ea00000,0x000000e79eb00000)]
  0x00000239fa040800 JavaThread "Sweeper thread" daemon [_thread_blocked, id=23112, stack(0x000000e79eb00000,0x000000e79ec00000)]
  0x00000239fa10e080 JavaThread "Notification Thread" daemon [_thread_blocked, id=16240, stack(0x000000e79ec00000,0x000000e79ed00000)]
  0x00000239fa112810 JavaThread "Common-Cleaner" daemon [_thread_blocked, id=28140, stack(0x000000e79ee00000,0x000000e79ef00000)]

Other Threads:
  0x00000239f9fa25c0 VMThread "VM Thread" [stack: 0x000000e79e100000,0x000000e79e200000] [id=28108]
  0x00000239fa110570 WatcherThread [stack: 0x000000e79ed00000,0x000000e79ee00000] [id=28584]
  0x00000239dc000190 GCTaskThread "GC Thread#0" [stack: 0x000000e79dc00000,0x000000e79dd00000] [id=28452]
  0x00000239fa6283c0 GCTaskThread "GC Thread#1" [stack: 0x000000e79ef00000,0x000000e79f000000] [id=25732]
  0x00000239fa628680 GCTaskThread "GC Thread#2" [stack: 0x000000e79f000000,0x000000e79f100000] [id=23052]
  0x00000239fa613870 GCTaskThread "GC Thread#3" [stack: 0x000000e79f100000,0x000000e79f200000] [id=27520]
  0x00000239fa613b30 GCTaskThread "GC Thread#4" [stack: 0x000000e79f200000,0x000000e79f300000] [id=26688]
  0x00000239fa57d850 GCTaskThread "GC Thread#5" [stack: 0x000000e79f300000,0x000000e79f400000] [id=14828]
  0x00000239fa823c60 GCTaskThread "GC Thread#6" [stack: 0x000000e79f400000,0x000000e79f500000] [id=8560]
  0x00000239fa8c1730 GCTaskThread "GC Thread#7" [stack: 0x000000e79f500000,0x000000e79f600000] [id=24676]
  0x00000239dc0109a0 ConcurrentGCThread "G1 Main Marker" [stack: 0x000000e79dd00000,0x000000e79de00000] [id=25080]
  0x00000239dc0113b0 ConcurrentGCThread "G1 Conc#0" [stack: 0x000000e79de00000,0x000000e79df00000] [id=26768]
  0x00000239ff16b9a0 ConcurrentGCThread "G1 Conc#1" [stack: 0x000000e79f600000,0x000000e79f700000] [id=24648]
  0x00000239f9e624c0 ConcurrentGCThread "G1 Refine#0" [stack: 0x000000e79df00000,0x000000e79e000000] [id=21108]
  0x00000239ff6660c0 ConcurrentGCThread "G1 Refine#1" [stack: 0x000000e79f700000,0x000000e79f800000] [id=22716]
  0x00000239f9e62ef0 ConcurrentGCThread "G1 Service" [stack: 0x000000e79e000000,0x000000e79e100000] [id=10944]

Threads with active compile tasks:
C2 CompilerThread0    36340 6942   !   4       jdk.internal.loader.BuiltinClassLoader::loadClassOrNull (143 bytes)

VM state: not at safepoint (normal execution)

VM Mutex/Monitor currently owned by a thread: None

Heap address: 0x0000000083a00000, size: 1990 MB, Compressed Oops mode: 32-bit

CDS archive(s) mapped at: [0x0000023980000000-0x0000023980bd0000-0x0000023980bd0000), size 12386304, SharedBaseAddress: 0x0000023980000000, ArchiveRelocationMode: 1.
Compressed class space mapped at: 0x0000023981000000-0x00000239c1000000, reserved size: 1073741824
Narrow klass base: 0x0000023980000000, Narrow klass shift: 0, Narrow klass range: 0x100000000

GC Precious Log:
 CPUs: 8 total, 8 available
 Memory: 7953M
 Large Page Support: Disabled
 NUMA Support: Disabled
 Compressed Oops: Enabled (32-bit)
 Heap Region Size: 1M
 Heap Min Capacity: 8M
 Heap Initial Capacity: 126M
 Heap Max Capacity: 1990M
 Pre-touch: Disabled
 Parallel Workers: 8
 Concurrent Workers: 2
 Concurrent Refinement Workers: 8
 Periodic GC: Disabled

Heap:
 garbage-first heap   total 91136K, used 69888K [0x0000000083a00000, 0x0000000100000000)
  region size 1024K, 23 young (23552K), 2 survivors (2048K)
 Metaspace       used 56843K, committed 57152K, reserved 1114112K
  class space    used 6580K, committed 6720K, reserved 1048576K

Heap Regions: E=young(eden), S=young(survivor), O=old, HS=humongous(starts), HC=humongous(continues), CS=collection set, F=free, OA=open archive, CA=closed archive, TAMS=top-at-mark-start (previous, next)
|   0|0x0000000083a00000, 0x0000000083b00000, 0x0000000083b00000|100%|HS|  |TAMS 0x0000000083b00000, 0x0000000083a00000| Complete 
|   1|0x0000000083b00000, 0x0000000083c00000, 0x0000000083c00000|100%|HC|  |TAMS 0x0000000083c00000, 0x0000000083b00000| Complete 
|   2|0x0000000083c00000, 0x0000000083d00000, 0x0000000083d00000|100%|HC|  |TAMS 0x0000000083d00000, 0x0000000083c00000| Complete 
|   3|0x0000000083d00000, 0x0000000083e00000, 0x0000000083e00000|100%|HC|  |TAMS 0x0000000083e00000, 0x0000000083d00000| Complete 
|   4|0x0000000083e00000, 0x0000000083f00000, 0x0000000083f00000|100%| O|  |TAMS 0x0000000083f00000, 0x0000000083e00000| Untracked 
|   5|0x0000000083f00000, 0x0000000084000000, 0x0000000084000000|100%| O|  |TAMS 0x0000000084000000, 0x0000000083f00000| Untracked 
|   6|0x0000000084000000, 0x0000000084100000, 0x0000000084100000|100%| O|  |TAMS 0x0000000084100000, 0x0000000084000000| Untracked 
|   7|0x0000000084100000, 0x0000000084200000, 0x0000000084200000|100%| O|  |TAMS 0x0000000084200000, 0x0000000084100000| Untracked 
|   8|0x0000000084200000, 0x0000000084300000, 0x0000000084300000|100%| O|  |TAMS 0x0000000084300000, 0x0000000084200000| Untracked 
|   9|0x0000000084300000, 0x0000000084400000, 0x0000000084400000|100%| O|  |TAMS 0x0000000084400000, 0x0000000084300000| Untracked 
|  10|0x0000000084400000, 0x0000000084500000, 0x0000000084500000|100%| O|  |TAMS 0x0000000084500000, 0x0000000084400000| Untracked 
|  11|0x0000000084500000, 0x0000000084600000, 0x0000000084600000|100%| O|  |TAMS 0x0000000084600000, 0x0000000084500000| Untracked 
|  12|0x0000000084600000, 0x0000000084700000, 0x0000000084700000|100%| O|  |TAMS 0x0000000084700000, 0x0000000084600000| Untracked 
|  13|0x0000000084700000, 0x0000000084800000, 0x0000000084800000|100%| O|  |TAMS 0x0000000084800000, 0x0000000084700000| Untracked 
|  14|0x0000000084800000, 0x0000000084900000, 0x0000000084900000|100%| O|  |TAMS 0x0000000084900000, 0x0000000084800000| Untracked 
|  15|0x0000000084900000, 0x0000000084a00000, 0x0000000084a00000|100%| O|  |TAMS 0x0000000084a00000, 0x0000000084900000| Untracked 
|  16|0x0000000084a00000, 0x0000000084b00000, 0x0000000084b00000|100%| O|  |TAMS 0x0000000084b00000, 0x0000000084a00000| Untracked 
|  17|0x0000000084b00000, 0x0000000084c00000, 0x0000000084c00000|100%| O|  |TAMS 0x0000000084c00000, 0x0000000084b00000| Untracked 
|  18|0x0000000084c00000, 0x0000000084d00000, 0x0000000084d00000|100%| O|  |TAMS 0x0000000084d00000, 0x0000000084c00000| Untracked 
|  19|0x0000000084d00000, 0x0000000084e00000, 0x0000000084e00000|100%| O|  |TAMS 0x0000000084e00000, 0x0000000084d00000| Untracked 
|  20|0x0000000084e00000, 0x0000000084f00000, 0x0000000084f00000|100%| O|  |TAMS 0x0000000084f00000, 0x0000000084e00000| Untracked 
|  21|0x0000000084f00000, 0x0000000085000000, 0x0000000085000000|100%| O|  |TAMS 0x0000000085000000, 0x0000000084f00000| Untracked 
|  22|0x0000000085000000, 0x0000000085100000, 0x0000000085100000|100%|HS|  |TAMS 0x0000000085100000, 0x0000000085000000| Complete 
|  23|0x0000000085100000, 0x0000000085200000, 0x0000000085200000|100%|HC|  |TAMS 0x0000000085200000, 0x0000000085100000| Complete 
|  24|0x0000000085200000, 0x0000000085300000, 0x0000000085300000|100%|HC|  |TAMS 0x0000000085300000, 0x0000000085200000| Complete 
|  25|0x0000000085300000, 0x0000000085400000, 0x0000000085400000|100%|HC|  |TAMS 0x0000000085400000, 0x0000000085300000| Complete 
|  26|0x0000000085400000, 0x0000000085500000, 0x0000000085500000|100%|HC|  |TAMS 0x0000000085500000, 0x0000000085400000| Complete 
|  27|0x0000000085500000, 0x0000000085600000, 0x0000000085600000|100%|HC|  |TAMS 0x0000000085600000, 0x0000000085500000| Complete 
|  28|0x0000000085600000, 0x0000000085700000, 0x0000000085700000|100%|HS|  |TAMS 0x0000000085700000, 0x0000000085600000| Complete 
|  29|0x0000000085700000, 0x0000000085800000, 0x0000000085800000|100%| O|  |TAMS 0x0000000085800000, 0x0000000085700000| Complete 
|  30|0x0000000085800000, 0x0000000085900000, 0x0000000085900000|100%| O|  |TAMS 0x0000000085900000, 0x0000000085800000| Untracked 
|  31|0x0000000085900000, 0x0000000085a00000, 0x0000000085a00000|100%| O|  |TAMS 0x0000000085a00000, 0x0000000085900000| Untracked 
|  32|0x0000000085a00000, 0x0000000085b00000, 0x0000000085b00000|100%| O|  |TAMS 0x0000000085b00000, 0x0000000085a00000| Untracked 
|  33|0x0000000085b00000, 0x0000000085c00000, 0x0000000085c00000|100%| O|  |TAMS 0x0000000085c00000, 0x0000000085b00000| Untracked 
|  34|0x0000000085c00000, 0x0000000085d00000, 0x0000000085d00000|100%| O|  |TAMS 0x0000000085d00000, 0x0000000085c00000| Untracked 
|  35|0x0000000085d00000, 0x0000000085e00000, 0x0000000085e00000|100%| O|  |TAMS 0x0000000085e00000, 0x0000000085d00000| Untracked 
|  36|0x0000000085e00000, 0x0000000085f00000, 0x0000000085f00000|100%| O|  |TAMS 0x0000000085f00000, 0x0000000085e00000| Untracked 
|  37|0x0000000085f00000, 0x0000000086000000, 0x0000000086000000|100%| O|  |TAMS 0x0000000086000000, 0x0000000085f00000| Untracked 
|  38|0x0000000086000000, 0x0000000086100000, 0x0000000086100000|100%| O|  |TAMS 0x0000000086100000, 0x0000000086000000| Untracked 
|  39|0x0000000086100000, 0x0000000086200000, 0x0000000086200000|100%| O|  |TAMS 0x0000000086200000, 0x0000000086100000| Untracked 
|  40|0x0000000086200000, 0x0000000086300000, 0x0000000086300000|100%| O|  |TAMS 0x0000000086300000, 0x0000000086200000| Untracked 
|  41|0x0000000086300000, 0x0000000086400000, 0x0000000086400000|100%| O|  |TAMS 0x0000000086400000, 0x0000000086300000| Untracked 
|  42|0x0000000086400000, 0x0000000086500000, 0x0000000086500000|100%| O|  |TAMS 0x0000000086500000, 0x0000000086400000| Untracked 
|  43|0x0000000086500000, 0x0000000086600000, 0x0000000086600000|100%| O|  |TAMS 0x0000000086500000, 0x0000000086500000| Untracked 
|  44|0x0000000086600000, 0x0000000086700000, 0x0000000086700000|100%| O|  |TAMS 0x0000000086699c00, 0x0000000086600000| Untracked 
|  45|0x0000000086700000, 0x0000000086800000, 0x0000000086800000|100%| O|  |TAMS 0x0000000086700000, 0x0000000086700000| Untracked 
|  46|0x0000000086800000, 0x0000000086900000, 0x0000000086900000|100%| O|  |TAMS 0x0000000086800000, 0x0000000086800000| Untracked 
|  47|0x0000000086900000, 0x000000008699a800, 0x0000000086a00000| 60%| O|  |TAMS 0x0000000086900000, 0x0000000086900000| Untracked 
|  48|0x0000000086a00000, 0x0000000086a00000, 0x0000000086b00000|  0%| F|  |TAMS 0x0000000086a00000, 0x0000000086a00000| Untracked 
|  49|0x0000000086b00000, 0x0000000086b00000, 0x0000000086c00000|  0%| F|  |TAMS 0x0000000086b00000, 0x0000000086b00000| Untracked 
|  50|0x0000000086c00000, 0x0000000086c00000, 0x0000000086d00000|  0%| F|  |TAMS 0x0000000086c00000, 0x0000000086c00000| Untracked 
|  51|0x0000000086d00000, 0x0000000086d00000, 0x0000000086e00000|  0%| F|  |TAMS 0x0000000086d00000, 0x0000000086d00000| Untracked 
|  52|0x0000000086e00000, 0x0000000086e00000, 0x0000000086f00000|  0%| F|  |TAMS 0x0000000086e00000, 0x0000000086e00000| Untracked 
|  53|0x0000000086f00000, 0x0000000086f00000, 0x0000000087000000|  0%| F|  |TAMS 0x0000000086f00000, 0x0000000086f00000| Untracked 
|  54|0x0000000087000000, 0x0000000087000000, 0x0000000087100000|  0%| F|  |TAMS 0x0000000087000000, 0x0000000087000000| Untracked 
|  55|0x0000000087100000, 0x0000000087100000, 0x0000000087200000|  0%| F|  |TAMS 0x0000000087100000, 0x0000000087100000| Untracked 
|  56|0x0000000087200000, 0x0000000087200000, 0x0000000087300000|  0%| F|  |TAMS 0x0000000087200000, 0x0000000087200000| Untracked 
|  57|0x0000000087300000, 0x0000000087300000, 0x0000000087400000|  0%| F|  |TAMS 0x0000000087300000, 0x0000000087300000| Untracked 
|  58|0x0000000087400000, 0x0000000087400000, 0x0000000087500000|  0%| F|  |TAMS 0x0000000087400000, 0x0000000087400000| Untracked 
|  59|0x0000000087500000, 0x0000000087500000, 0x0000000087600000|  0%| F|  |TAMS 0x0000000087500000, 0x0000000087500000| Untracked 
|  60|0x0000000087600000, 0x0000000087600000, 0x0000000087700000|  0%| F|  |TAMS 0x0000000087600000, 0x0000000087600000| Untracked 
|  61|0x0000000087700000, 0x0000000087700000, 0x0000000087800000|  0%| F|  |TAMS 0x0000000087700000, 0x0000000087700000| Untracked 
|  62|0x0000000087800000, 0x0000000087800000, 0x0000000087900000|  0%| F|  |TAMS 0x0000000087800000, 0x0000000087800000| Untracked 
|  63|0x0000000087900000, 0x0000000087900000, 0x0000000087a00000|  0%| F|  |TAMS 0x0000000087900000, 0x0000000087900000| Untracked 
|  64|0x0000000087a00000, 0x0000000087aa59f0, 0x0000000087b00000| 64%| S|CS|TAMS 0x0000000087a00000, 0x0000000087a00000| Complete 
|  65|0x0000000087b00000, 0x0000000087c00000, 0x0000000087c00000|100%| S|CS|TAMS 0x0000000087b00000, 0x0000000087b00000| Complete 
|  66|0x0000000087c00000, 0x0000000087c00000, 0x0000000087d00000|  0%| F|  |TAMS 0x0000000087c00000, 0x0000000087c00000| Untracked 
|  67|0x0000000087d00000, 0x0000000087d00000, 0x0000000087e00000|  0%| F|  |TAMS 0x0000000087d00000, 0x0000000087d00000| Untracked 
|  68|0x0000000087e00000, 0x0000000087e767b0, 0x0000000087f00000| 46%| E|  |TAMS 0x0000000087e00000, 0x0000000087e00000| Complete 
|  69|0x0000000087f00000, 0x0000000088000000, 0x0000000088000000|100%| E|CS|TAMS 0x0000000087f00000, 0x0000000087f00000| Complete 
|  70|0x0000000088000000, 0x0000000088100000, 0x0000000088100000|100%| E|CS|TAMS 0x0000000088000000, 0x0000000088000000| Complete 
|  71|0x0000000088100000, 0x0000000088200000, 0x0000000088200000|100%| E|  |TAMS 0x0000000088100000, 0x0000000088100000| Complete 
|  72|0x0000000088200000, 0x0000000088300000, 0x0000000088300000|100%| E|CS|TAMS 0x0000000088200000, 0x0000000088200000| Complete 
|  73|0x0000000088300000, 0x0000000088400000, 0x0000000088400000|100%| E|CS|TAMS 0x0000000088300000, 0x0000000088300000| Complete 
|  74|0x0000000088400000, 0x0000000088500000, 0x0000000088500000|100%| E|CS|TAMS 0x0000000088400000, 0x0000000088400000| Complete 
|  75|0x0000000088500000, 0x0000000088600000, 0x0000000088600000|100%| E|CS|TAMS 0x0000000088500000, 0x0000000088500000| Complete 
|  76|0x0000000088600000, 0x0000000088700000, 0x0000000088700000|100%| E|CS|TAMS 0x0000000088600000, 0x0000000088600000| Complete 
|  77|0x0000000088700000, 0x0000000088800000, 0x0000000088800000|100%| E|CS|TAMS 0x0000000088700000, 0x0000000088700000| Complete 
|  78|0x0000000088800000, 0x0000000088900000, 0x0000000088900000|100%| E|CS|TAMS 0x0000000088800000, 0x0000000088800000| Complete 
|  79|0x0000000088900000, 0x0000000088a00000, 0x0000000088a00000|100%| E|CS|TAMS 0x0000000088900000, 0x0000000088900000| Complete 
|  80|0x0000000088a00000, 0x0000000088b00000, 0x0000000088b00000|100%| E|CS|TAMS 0x0000000088a00000, 0x0000000088a00000| Complete 
|  81|0x0000000088b00000, 0x0000000088c00000, 0x0000000088c00000|100%| E|CS|TAMS 0x0000000088b00000, 0x0000000088b00000| Complete 
|  82|0x0000000088c00000, 0x0000000088d00000, 0x0000000088d00000|100%| E|CS|TAMS 0x0000000088c00000, 0x0000000088c00000| Complete 
|  83|0x0000000088d00000, 0x0000000088e00000, 0x0000000088e00000|100%| E|CS|TAMS 0x0000000088d00000, 0x0000000088d00000| Complete 
|  84|0x0000000088e00000, 0x0000000088f00000, 0x0000000088f00000|100%| E|CS|TAMS 0x0000000088e00000, 0x0000000088e00000| Complete 
|  85|0x0000000088f00000, 0x0000000089000000, 0x0000000089000000|100%| E|CS|TAMS 0x0000000088f00000, 0x0000000088f00000| Complete 
|  86|0x0000000089000000, 0x0000000089100000, 0x0000000089100000|100%| E|CS|TAMS 0x0000000089000000, 0x0000000089000000| Complete 
|  87|0x0000000089100000, 0x0000000089200000, 0x0000000089200000|100%| E|CS|TAMS 0x0000000089100000, 0x0000000089100000| Complete 
| 125|0x000000008b700000, 0x000000008b800000, 0x000000008b800000|100%| E|CS|TAMS 0x000000008b700000, 0x000000008b700000| Complete 

Card table byte_map: [0x00000239f2f80000,0x00000239f3370000] _byte_map_base: 0x00000239f2b63000

Marking Bits (Prev, Next): (CMBitMap*) 0x00000239dc0007b0, (CMBitMap*) 0x00000239dc0007f0
 Prev Bits: [0x00000239f3760000, 0x00000239f5678000)
 Next Bits: [0x00000239f5680000, 0x00000239f7598000)

Polling page: 0x00000239d9ed0000

Metaspace:

Usage:
  Non-class:     49.08 MB used.
      Class:      6.43 MB used.
       Both:     55.51 MB used.

Virtual space:
  Non-class space:       64.00 MB reserved,      49.25 MB ( 77%) committed,  1 nodes.
      Class space:        1.00 GB reserved,       6.56 MB ( <1%) committed,  1 nodes.
             Both:        1.06 GB reserved,      55.81 MB (  5%) committed. 

Chunk freelists:
   Non-Class:  13.77 MB
       Class:  9.25 MB
        Both:  23.02 MB

MaxMetaspaceSize: unlimited
CompressedClassSpaceSize: 1.00 GB
Initial GC threshold: 21.00 MB
Current GC threshold: 84.94 MB
CDS: on
MetaspaceReclaimPolicy: balanced
 - commit_granule_bytes: 65536.
 - commit_granule_words: 8192.
 - virtual_space_node_default_size: 8388608.
 - enlarge_chunks_in_place: 1.
 - new_chunks_are_fully_committed: 0.
 - uncommit_free_chunks: 1.
 - use_allocation_guard: 0.
 - handle_deallocations: 1.


Internal statistics:

num_allocs_failed_limit: 3.
num_arena_births: 254.
num_arena_deaths: 0.
num_vsnodes_births: 2.
num_vsnodes_deaths: 0.
num_space_committed: 891.
num_space_uncommitted: 0.
num_chunks_returned_to_freelist: 3.
num_chunks_taken_from_freelist: 2251.
num_chunk_merges: 3.
num_chunk_splits: 1836.
num_chunks_enlarged: 1651.
num_inconsistent_stats: 0.

CodeHeap 'non-profiled nmethods': size=120000Kb used=3069Kb max_used=3069Kb free=116930Kb
 bounds [0x00000239eb330000, 0x00000239eb630000, 0x00000239f2860000]
CodeHeap 'profiled nmethods': size=120000Kb used=16169Kb max_used=16169Kb free=103830Kb
 bounds [0x00000239e3860000, 0x00000239e4830000, 0x00000239ead90000]
CodeHeap 'non-nmethods': size=5760Kb used=1398Kb max_used=1415Kb free=4361Kb
 bounds [0x00000239ead90000, 0x00000239eb000000, 0x00000239eb330000]
 total_blobs=7027 nmethods=6307 adapters=629
 compilation: enabled
              stopped_count=0, restarted_count=0
 full_count=0

Compilation events (20 events):
Event: 36.217 Thread 0x00000239f9fcdaa0 7049       3       org.jetbrains.kotlin.ir.visitors.IrElementVisitorVoid$DefaultImpls::visitCall (17 bytes)
Event: 36.218 Thread 0x00000239f9fcdaa0 nmethod 7049 0x00000239e480ee90 code [0x00000239e480f0a0, 0x00000239e480f708]
Event: 36.218 Thread 0x00000239f9fcdaa0 7050       1       org.jetbrains.kotlin.backend.jvm.JvmBackendContext::getState (5 bytes)
Event: 36.218 Thread 0x00000239f9fcdaa0 nmethod 7050 0x00000239eb62e510 code [0x00000239eb62e6a0, 0x00000239eb62e778]
Event: 36.218 Thread 0x00000239f9fcdaa0 7047       3       org.jetbrains.kotlin.ir.declarations.IrSimpleFunction::accept (15 bytes)
Event: 36.218 Thread 0x00000239f9fcdaa0 nmethod 7047 0x00000239e480f990 code [0x00000239e480fba0, 0x00000239e4810248]
Event: 36.218 Thread 0x00000239f9fcdaa0 7052       1       org.jetbrains.kotlin.codegen.state.GenerationState::getClassBuilderMode (5 bytes)
Event: 36.218 Thread 0x00000239f9fcdaa0 nmethod 7052 0x00000239eb62e810 code [0x00000239eb62e9a0, 0x00000239eb62ea78]
Event: 36.223 Thread 0x00000239f9fcdaa0 7053       1       org.jetbrains.kotlin.ir.expressions.impl.IrConstructorCallImpl::getValueArguments (5 bytes)
Event: 36.223 Thread 0x00000239f9fcdaa0 nmethod 7053 0x00000239eb62eb10 code [0x00000239eb62eca0, 0x00000239eb62ed78]
Event: 36.223 Thread 0x00000239f9fcdaa0 7054       3       org.jetbrains.kotlin.backend.common.ClassLoweringVisitor::visitElement (15 bytes)
Event: 36.224 Thread 0x00000239f9fcdaa0 nmethod 7054 0x00000239e4810510 code [0x00000239e48107c0, 0x00000239e48113c8]
Event: 36.224 Thread 0x00000239f9fcdaa0 7056       3       org.jetbrains.kotlin.backend.common.ClassLoweringVisitor::visitExpression (6 bytes)
Event: 36.225 Thread 0x00000239f9fcdaa0 nmethod 7056 0x00000239e4811810 code [0x00000239e4811b40, 0x00000239e4812bc8]
Event: 36.225 Thread 0x00000239f9fcdaa0 7058       3       org.jetbrains.kotlin.ir.declarations.IrValueParameter::acceptChildren (25 bytes)
Event: 36.226 Thread 0x00000239f9fcdaa0 nmethod 7058 0x00000239e4813190 code [0x00000239e4813440, 0x00000239e4814198]
Event: 36.226 Thread 0x00000239f9fcdaa0 7055       3       org.jetbrains.kotlin.ir.declarations.IrVariable::accept (15 bytes)
Event: 36.226 Thread 0x00000239f9fcdaa0 nmethod 7055 0x00000239e4814610 code [0x00000239e4814820, 0x00000239e4814ec8]
Event: 36.226 Thread 0x00000239f9fcdaa0 7057       1       org.jetbrains.kotlin.ir.expressions.impl.IrStringConcatenationImpl::getArguments (5 bytes)
Event: 36.226 Thread 0x00000239f9fcdaa0 nmethod 7057 0x00000239eb62ee10 code [0x00000239eb62efa0, 0x00000239eb62f078]

GC Heap History (20 events):
Event: 20.577 GC heap before
{Heap before GC invocations=6 (full 0):
 garbage-first heap   total 75776K, used 56395K [0x0000000083a00000, 0x0000000100000000)
  region size 1024K, 27 young (27648K), 4 survivors (4096K)
 Metaspace       used 33139K, committed 33408K, reserved 1114112K
  class space    used 4125K, committed 4224K, reserved 1048576K
}
Event: 20.591 GC heap after
{Heap after GC invocations=7 (full 0):
 garbage-first heap   total 75776K, used 36802K [0x0000000083a00000, 0x0000000100000000)
  region size 1024K, 3 young (3072K), 3 survivors (3072K)
 Metaspace       used 33139K, committed 33408K, reserved 1114112K
  class space    used 4125K, committed 4224K, reserved 1048576K
}
Event: 21.002 GC heap before
{Heap before GC invocations=7 (full 0):
 garbage-first heap   total 75776K, used 40898K [0x0000000083a00000, 0x0000000100000000)
  region size 1024K, 8 young (8192K), 3 survivors (3072K)
 Metaspace       used 34365K, committed 34688K, reserved 1114112K
  class space    used 4281K, committed 4416K, reserved 1048576K
}
Event: 21.013 GC heap after
{Heap after GC invocations=8 (full 0):
 garbage-first heap   total 75776K, used 37154K [0x0000000083a00000, 0x0000000100000000)
  region size 1024K, 1 young (1024K), 1 survivors (1024K)
 Metaspace       used 34365K, committed 34688K, reserved 1114112K
  class space    used 4281K, committed 4416K, reserved 1048576K
}
Event: 21.466 GC heap before
{Heap before GC invocations=9 (full 0):
 garbage-first heap   total 75776K, used 59682K [0x0000000083a00000, 0x0000000100000000)
  region size 1024K, 22 young (22528K), 1 survivors (1024K)
 Metaspace       used 34395K, committed 34688K, reserved 1114112K
  class space    used 4281K, committed 4416K, reserved 1048576K
}
Event: 21.471 GC heap after
{Heap after GC invocations=10 (full 0):
 garbage-first heap   total 75776K, used 38844K [0x0000000083a00000, 0x0000000100000000)
  region size 1024K, 3 young (3072K), 3 survivors (3072K)
 Metaspace       used 34395K, committed 34688K, reserved 1114112K
  class space    used 4281K, committed 4416K, reserved 1048576K
}
Event: 22.747 GC heap before
{Heap before GC invocations=10 (full 0):
 garbage-first heap   total 75776K, used 59324K [0x0000000083a00000, 0x0000000100000000)
  region size 1024K, 23 young (23552K), 3 survivors (3072K)
 Metaspace       used 36593K, committed 36864K, reserved 1114112K
  class space    used 4490K, committed 4672K, reserved 1048576K
}
Event: 22.755 GC heap after
{Heap after GC invocations=11 (full 0):
 garbage-first heap   total 75776K, used 39587K [0x0000000083a00000, 0x0000000100000000)
  region size 1024K, 2 young (2048K), 2 survivors (2048K)
 Metaspace       used 36593K, committed 36864K, reserved 1114112K
  class space    used 4490K, committed 4672K, reserved 1048576K
}
Event: 24.898 GC heap before
{Heap before GC invocations=12 (full 0):
 garbage-first heap   total 75776K, used 60067K [0x0000000083a00000, 0x0000000100000000)
  region size 1024K, 22 young (22528K), 2 survivors (2048K)
 Metaspace       used 42019K, committed 42368K, reserved 1114112K
  class space    used 5194K, committed 5376K, reserved 1048576K
}
Event: 24.908 GC heap after
{Heap after GC invocations=13 (full 0):
 garbage-first heap   total 75776K, used 40957K [0x0000000083a00000, 0x0000000100000000)
  region size 1024K, 2 young (2048K), 2 survivors (2048K)
 Metaspace       used 42019K, committed 42368K, reserved 1114112K
  class space    used 5194K, committed 5376K, reserved 1048576K
}
Event: 24.929 GC heap before
{Heap before GC invocations=13 (full 0):
 garbage-first heap   total 75776K, used 41981K [0x0000000083a00000, 0x0000000100000000)
  region size 1024K, 3 young (3072K), 2 survivors (2048K)
 Metaspace       used 42046K, committed 42368K, reserved 1114112K
  class space    used 5196K, committed 5376K, reserved 1048576K
}
Event: 24.936 GC heap after
{Heap after GC invocations=14 (full 0):
 garbage-first heap   total 75776K, used 41363K [0x0000000083a00000, 0x0000000100000000)
  region size 1024K, 1 young (1024K), 1 survivors (1024K)
 Metaspace       used 42046K, committed 42368K, reserved 1114112K
  class space    used 5196K, committed 5376K, reserved 1048576K
}
Event: 28.051 GC heap before
{Heap before GC invocations=14 (full 0):
 garbage-first heap   total 75776K, used 59795K [0x0000000083a00000, 0x0000000100000000)
  region size 1024K, 20 young (20480K), 1 survivors (1024K)
 Metaspace       used 44352K, committed 44672K, reserved 1114112K
  class space    used 5405K, committed 5568K, reserved 1048576K
}
Event: 28.061 GC heap after
{Heap after GC invocations=15 (full 0):
 garbage-first heap   total 91136K, used 43811K [0x0000000083a00000, 0x0000000100000000)
  region size 1024K, 3 young (3072K), 3 survivors (3072K)
 Metaspace       used 44352K, committed 44672K, reserved 1114112K
  class space    used 5405K, committed 5568K, reserved 1048576K
}
Event: 29.171 GC heap before
{Heap before GC invocations=16 (full 0):
 garbage-first heap   total 91136K, used 49955K [0x0000000083a00000, 0x0000000100000000)
  region size 1024K, 10 young (10240K), 3 survivors (3072K)
 Metaspace       used 45271K, committed 45568K, reserved 1114112K
  class space    used 5498K, committed 5632K, reserved 1048576K
}
Event: 29.181 GC heap after
{Heap after GC invocations=17 (full 0):
 garbage-first heap   total 91136K, used 44550K [0x0000000083a00000, 0x0000000100000000)
  region size 1024K, 1 young (1024K), 1 survivors (1024K)
 Metaspace       used 45271K, committed 45568K, reserved 1114112K
  class space    used 5498K, committed 5632K, reserved 1048576K
}
Event: 32.530 GC heap before
{Heap before GC invocations=18 (full 0):
 garbage-first heap   total 91136K, used 73222K [0x0000000083a00000, 0x0000000100000000)
  region size 1024K, 28 young (28672K), 1 survivors (1024K)
 Metaspace       used 47154K, committed 47488K, reserved 1114112K
  class space    used 5650K, committed 5824K, reserved 1048576K
}
Event: 32.542 GC heap after
{Heap after GC invocations=19 (full 0):
 garbage-first heap   total 91136K, used 48743K [0x0000000083a00000, 0x0000000100000000)
  region size 1024K, 4 young (4096K), 4 survivors (4096K)
 Metaspace       used 47154K, committed 47488K, reserved 1114112K
  class space    used 5650K, committed 5824K, reserved 1048576K
}
Event: 34.681 GC heap before
{Heap before GC invocations=19 (full 0):
 garbage-first heap   total 91136K, used 71271K [0x0000000083a00000, 0x0000000100000000)
  region size 1024K, 27 young (27648K), 4 survivors (4096K)
 Metaspace       used 51752K, committed 52096K, reserved 1114112K
  class space    used 6099K, committed 6272K, reserved 1048576K
}
Event: 34.697 GC heap after
{Heap after GC invocations=20 (full 0):
 garbage-first heap   total 91136K, used 50432K [0x0000000083a00000, 0x0000000100000000)
  region size 1024K, 2 young (2048K), 2 survivors (2048K)
 Metaspace       used 51752K, committed 52096K, reserved 1114112K
  class space    used 6099K, committed 6272K, reserved 1048576K
}

Deoptimization events (20 events):
Event: 35.058 Thread 0x00000239dbfa72c0 Uncommon trap: trap_request=0xffffffc6 fr.pc=0x00000239eb3e16e4 relative=0x00000000000000c4
Event: 35.058 Thread 0x00000239dbfa72c0 Uncommon trap: reason=bimorphic_or_optimized_type_check action=maybe_recompile pc=0x00000239eb3e16e4 method=org.jetbrains.kotlin.types.DelegatingSimpleType.getConstructor()Lorg/jetbrains/kotlin/types/TypeConstructor; @ 4 c2
Event: 35.058 Thread 0x00000239dbfa72c0 DEOPT PACKING pc=0x00000239eb3e16e4 sp=0x000000e79dbfcab0
Event: 35.059 Thread 0x00000239dbfa72c0 DEOPT UNPACKING pc=0x00000239eade5ba3 sp=0x000000e79dbfca38 mode 2
Event: 35.059 Thread 0x00000239dbfa72c0 Uncommon trap: trap_request=0xffffffc6 fr.pc=0x00000239eb3e16e4 relative=0x00000000000000c4
Event: 35.059 Thread 0x00000239dbfa72c0 Uncommon trap: reason=bimorphic_or_optimized_type_check action=maybe_recompile pc=0x00000239eb3e16e4 method=org.jetbrains.kotlin.types.DelegatingSimpleType.getConstructor()Lorg/jetbrains/kotlin/types/TypeConstructor; @ 4 c2
Event: 35.059 Thread 0x00000239dbfa72c0 DEOPT PACKING pc=0x00000239eb3e16e4 sp=0x000000e79dbfd670
Event: 35.059 Thread 0x00000239dbfa72c0 DEOPT UNPACKING pc=0x00000239eade5ba3 sp=0x000000e79dbfd5f8 mode 2
Event: 35.188 Thread 0x00000239dbfa72c0 Uncommon trap: trap_request=0xffffffcc fr.pc=0x00000239eb60fc78 relative=0x0000000000000358
Event: 35.188 Thread 0x00000239dbfa72c0 Uncommon trap: reason=intrinsic_or_type_checked_inlining action=make_not_entrant pc=0x00000239eb60fc78 method=java.util.ArrayList.toArray([Ljava/lang/Object;)[Ljava/lang/Object; @ 36 c2
Event: 35.188 Thread 0x00000239dbfa72c0 DEOPT PACKING pc=0x00000239eb60fc78 sp=0x000000e79dbfd640
Event: 35.188 Thread 0x00000239dbfa72c0 DEOPT UNPACKING pc=0x00000239eade5ba3 sp=0x000000e79dbfd610 mode 2
Event: 35.383 Thread 0x00000239dbfa72c0 Uncommon trap: trap_request=0xffffff45 fr.pc=0x00000239eb530754 relative=0x00000000000002f4
Event: 35.383 Thread 0x00000239dbfa72c0 Uncommon trap: reason=unstable_if action=reinterpret pc=0x00000239eb530754 method=org.jetbrains.kotlin.config.MavenComparableVersion$ListItem.compareTo(Lorg/jetbrains/kotlin/config/MavenComparableVersion$Item;)I @ 87 c2
Event: 35.383 Thread 0x00000239dbfa72c0 DEOPT PACKING pc=0x00000239eb530754 sp=0x000000e79dbfe9b0
Event: 35.383 Thread 0x00000239dbfa72c0 DEOPT UNPACKING pc=0x00000239eade5ba3 sp=0x000000e79dbfe948 mode 2
Event: 35.614 Thread 0x00000239dbfa72c0 DEOPT PACKING pc=0x00000239e46b5384 sp=0x000000e79dbfdb70
Event: 35.614 Thread 0x00000239dbfa72c0 DEOPT UNPACKING pc=0x00000239eade66e3 sp=0x000000e79dbfd1b8 mode 0
Event: 35.614 Thread 0x00000239dbfa72c0 DEOPT PACKING pc=0x00000239e46b72f4 sp=0x000000e79dbfdec0
Event: 35.614 Thread 0x00000239dbfa72c0 DEOPT UNPACKING pc=0x00000239eade66e3 sp=0x000000e79dbfd508 mode 0

Classes unloaded (0 events):
No events

Classes redefined (0 events):
No events

Internal exceptions (20 events):
Event: 23.231 Thread 0x00000239dbfa72c0 Exception <a 'java/lang/NoSuchMethodError'{0x0000000087ec2078}: 'java.lang.Object java.lang.invoke.Invokers$Holder.linkToTargetMethod(java.lang.Object, java.lang.Object, java.lang.Object, int, java.lang.Object)'> (0x0000000087ec2078) 
thrown [s\open\src\hotspot\share\interpreter\linkResolver.cpp, line 759]
Event: 23.700 Thread 0x00000239dbfa72c0 Exception <a 'java/lang/NoSuchMethodError'{0x000000008784fe30}: 'java.lang.Object java.lang.invoke.DirectMethodHandle$Holder.invokeSpecial(java.lang.Object, java.lang.Object, java.lang.Object, java.lang.Object, java.lang.Object, java.lang.Object, int)'> (0x000000008784fe30) 
thrown [s\open\src\hotspot\share\interpreter\linkResolver.cpp, line 759]
Event: 23.729 Thread 0x00000239dbfa72c0 Exception <a 'java/lang/NoSuchMethodError'{0x0000000087859628}: 'java.lang.Object java.lang.invoke.DirectMethodHandle$Holder.newInvokeSpecial(java.lang.Object, java.lang.Object, java.lang.Object, java.lang.Object, java.lang.Object, java.lang.Object)'> (0x0000000087859628) 
thrown [s\open\src\hotspot\share\interpreter\linkResolver.cpp, line 759]
Event: 23.923 Thread 0x00000239dbfa72c0 Implicit null exception at 0x00000239eb37bb0c to 0x00000239eb37bf18
Event: 24.088 Thread 0x00000239dbfa72c0 Implicit null exception at 0x00000239eb44a5cc to 0x00000239eb44a6a8
Event: 24.089 Thread 0x00000239dbfa72c0 Implicit null exception at 0x00000239eb4d7c58 to 0x00000239eb4d7cee
Event: 24.089 Thread 0x00000239dbfa72c0 Implicit null exception at 0x00000239eb41350f to 0x00000239eb413589
Event: 29.665 Thread 0x00000239dbfa72c0 Exception <a 'java/lang/NoSuchMethodError'{0x0000000088ce8fa8}: 'java.lang.Object java.lang.invoke.DirectMethodHandle$Holder.invokeInterface(java.lang.Object, java.lang.Object, java.lang.Object)'> (0x0000000088ce8fa8) 
thrown [s\open\src\hotspot\share\interpreter\linkResolver.cpp, line 759]
Event: 29.666 Thread 0x00000239dbfa72c0 Exception <a 'java/lang/IncompatibleClassChangeError'{0x0000000088cece68}: Found class java.lang.Object, but interface was expected> (0x0000000088cece68) 
thrown [s\open\src\hotspot\share\interpreter\linkResolver.cpp, line 826]
Event: 29.997 Thread 0x00000239dbfa72c0 Exception <a 'java/lang/NoSuchMethodError'{0x00000000887b50e8}: 'java.lang.Object java.lang.invoke.DirectMethodHandle$Holder.newInvokeSpecial(java.lang.Object, int, java.lang.Object)'> (0x00000000887b50e8) 
thrown [s\open\src\hotspot\share\interpreter\linkResolver.cpp, line 759]
Event: 30.006 Thread 0x00000239dbfa72c0 Exception <a 'java/lang/NoSuchMethodError'{0x00000000887bb740}: 'int java.lang.invoke.DirectMethodHandle$Holder.invokeInterface(java.lang.Object, java.lang.Object)'> (0x00000000887bb740) 
thrown [s\open\src\hotspot\share\interpreter\linkResolver.cpp, line 759]
Event: 30.029 Thread 0x00000239dbfa72c0 Exception <a 'java/lang/NoSuchMethodError'{0x00000000887d82f0}: 'int java.lang.invoke.DirectMethodHandle$Holder.invokeStaticInit(java.lang.Object, int)'> (0x00000000887d82f0) 
thrown [s\open\src\hotspot\share\interpreter\linkResolver.cpp, line 759]
Event: 31.012 Thread 0x00000239dbfa72c0 Exception <a 'java/lang/NoSuchMethodError'{0x00000000882cc3e8}: 'java.lang.Object java.lang.invoke.DirectMethodHandle$Holder.newInvokeSpecial(java.lang.Object, java.lang.Object, java.lang.Object, java.lang.Object, java.lang.Object, java.lang.Object, java.lang.Object)'> (0x00000000882cc3e8) 
thrown [s\open\src\hotspot\share\interpreter\linkResolver.cpp, line 759]
Event: 31.012 Thread 0x00000239dbfa72c0 Exception <a 'java/lang/NoSuchMethodError'{0x00000000882d10b8}: 'java.lang.Object java.lang.invoke.Invokers$Holder.linkToTargetMethod(java.lang.Object, java.lang.Object, java.lang.Object, java.lang.Object, java.lang.Object, java.lang.Object, java.lang.Object)'> (0x00000000882d10b8) 
thrown [s\open\src\hotspot\share\interpreter\linkResolver.cpp, line 759]
Event: 33.088 Thread 0x00000239dbfa72c0 Implicit null exception at 0x00000239eb3b5d0c to 0x00000239eb3b6114
Event: 34.467 Thread 0x00000239dbfa72c0 Exception <a 'java/lang/NoSuchMethodError'{0x0000000087de9080}: 'java.lang.Object java.lang.invoke.DirectMethodHandle$Holder.invokeSpecial(java.lang.Object, java.lang.Object, int, int, java.lang.Object, java.lang.Object, java.lang.Object, java.lang.Object, java.lang.Object)'> (0x0000000087de9080) 
thrown [s\open\src\hotspot\share\interpreter\linkResolver.cpp, line 759]
Event: 34.707 Thread 0x00000239dbfa72c0 Exception <a 'java/lang/NoSuchMethodError'{0x000000008b71b950}: 'java.lang.Object java.lang.invoke.DirectMethodHandle$Holder.invokeStatic(java.lang.Object, int, java.lang.Object)'> (0x000000008b71b950) 
thrown [s\open\src\hotspot\share\interpreter\linkResolver.cpp, line 759]
Event: 34.725 Thread 0x00000239dbfa72c0 Exception <a 'java/lang/NoSuchMethodError'{0x000000008b742e90}: 'java.lang.Object java.lang.invoke.DirectMethodHandle$Holder.newInvokeSpecial(java.lang.Object, int, java.lang.Object, java.lang.Object)'> (0x000000008b742e90) 
thrown [s\open\src\hotspot\share\interpreter\linkResolver.cpp, line 759]
Event: 34.771 Thread 0x00000239dbfa72c0 Exception <a 'java/lang/NoSuchMethodError'{0x000000008b7475e0}: 'java.lang.Object java.lang.invoke.DirectMethodHandle$Holder.invokeSpecial(java.lang.Object, java.lang.Object, int, java.lang.Object, java.lang.Object)'> (0x000000008b7475e0) 
thrown [s\open\src\hotspot\share\interpreter\linkResolver.cpp, line 759]
Event: 34.876 Thread 0x00000239dbfa72c0 Implicit null exception at 0x00000239eb409a12 to 0x00000239eb409e6c

VM Operations (20 events):
Event: 34.796 Executing VM operation: G1Concurrent
Event: 34.797 Executing VM operation: G1Concurrent done
Event: 35.234 Executing VM operation: ICBufferFull
Event: 35.234 Executing VM operation: ICBufferFull done
Event: 35.258 Executing VM operation: HandshakeAllThreads
Event: 35.259 Executing VM operation: HandshakeAllThreads done
Event: 35.385 Executing VM operation: HandshakeAllThreads
Event: 35.385 Executing VM operation: HandshakeAllThreads done
Event: 35.610 Executing VM operation: HandshakeAllThreads
Event: 35.610 Executing VM operation: HandshakeAllThreads done
Event: 35.755 Executing VM operation: HandshakeAllThreads
Event: 35.755 Executing VM operation: HandshakeAllThreads done
Event: 35.757 Executing VM operation: HandshakeAllThreads
Event: 35.757 Executing VM operation: HandshakeAllThreads done
Event: 35.757 Executing VM operation: HandshakeAllThreads
Event: 35.757 Executing VM operation: HandshakeAllThreads done
Event: 35.961 Executing VM operation: HandshakeAllThreads
Event: 35.961 Executing VM operation: HandshakeAllThreads done
Event: 36.214 Executing VM operation: ICBufferFull
Event: 36.214 Executing VM operation: ICBufferFull done

Events (20 events):
Event: 31.633 Thread 0x00000239fa040800 flushing nmethod 0x00000239e40cd890
Event: 31.633 Thread 0x00000239fa040800 flushing nmethod 0x00000239e40e1a90
Event: 31.633 Thread 0x00000239fa040800 flushing nmethod 0x00000239e40f5790
Event: 31.633 Thread 0x00000239fa040800 flushing nmethod 0x00000239e4149e90
Event: 31.633 Thread 0x00000239fa040800 flushing nmethod 0x00000239e414d510
Event: 31.633 Thread 0x00000239fa040800 flushing nmethod 0x00000239e4174e10
Event: 31.633 Thread 0x00000239fa040800 flushing nmethod 0x00000239e418ba10
Event: 31.634 Thread 0x00000239fa040800 flushing nmethod 0x00000239e427e810
Event: 31.634 Thread 0x00000239fa040800 flushing nmethod 0x00000239e4293a90
Event: 31.634 Thread 0x00000239fa040800 flushing nmethod 0x00000239e4318590
Event: 31.634 Thread 0x00000239fa040800 flushing nmethod 0x00000239e4322590
Event: 31.634 Thread 0x00000239fa040800 flushing nmethod 0x00000239e434db90
Event: 31.635 Thread 0x00000239fa040800 flushing nmethod 0x00000239e437ab10
Event: 31.635 Thread 0x00000239fa040800 flushing nmethod 0x00000239e439d390
Event: 31.635 Thread 0x00000239fa040800 flushing nmethod 0x00000239e4408d10
Event: 31.635 Thread 0x00000239fa040800 flushing nmethod 0x00000239e4421090
Event: 31.635 Thread 0x00000239fa040800 flushing nmethod 0x00000239e447c610
Event: 31.645 Thread 0x00000239c93ada70 Thread added: 0x00000239c93ada70
Event: 33.079 Thread 0x00000239c93ada70 Thread exited: 0x00000239c93ada70
Event: 35.766 Thread 0x00000239fa040800 flushing nmethod 0x00000239e4176810


Dynamic libraries:
0x00007ff6e7680000 - 0x00007ff6e7690000 	C:\Program Files\Java\jdk-17\bin\java.exe
0x00007fffa5430000 - 0x00007fffa5647000 	C:\WINDOWS\SYSTEM32\ntdll.dll
0x00007fffa3740000 - 0x00007fffa3804000 	C:\WINDOWS\System32\KERNEL32.DLL
0x00007fffa2730000 - 0x00007fffa2aea000 	C:\WINDOWS\System32\KERNELBASE.dll
0x00007fffa2ef0000 - 0x00007fffa3001000 	C:\WINDOWS\System32\ucrtbase.dll
0x00007fff74b60000 - 0x00007fff74b79000 	C:\Program Files\Java\jdk-17\bin\jli.dll
0x00007fffa42b0000 - 0x00007fffa4362000 	C:\WINDOWS\System32\ADVAPI32.dll
0x00007fffa3490000 - 0x00007fffa3537000 	C:\WINDOWS\System32\msvcrt.dll
0x00007fffa3810000 - 0x00007fffa38b7000 	C:\WINDOWS\System32\sechost.dll
0x00007fffa2700000 - 0x00007fffa2728000 	C:\WINDOWS\System32\bcrypt.dll
0x00007fffa3540000 - 0x00007fffa3654000 	C:\WINDOWS\System32\RPCRT4.dll
0x00007fffa3aa0000 - 0x00007fffa3c4e000 	C:\WINDOWS\System32\USER32.dll
0x00007fffa2ec0000 - 0x00007fffa2ee6000 	C:\WINDOWS\System32\win32u.dll
0x00007fffa3d20000 - 0x00007fffa3d49000 	C:\WINDOWS\System32\GDI32.dll
0x00007fffa2af0000 - 0x00007fffa2c0b000 	C:\WINDOWS\System32\gdi32full.dll
0x00007fffa3010000 - 0x00007fffa30aa000 	C:\WINDOWS\System32\msvcp_win.dll
0x00007fff74a40000 - 0x00007fff74a5b000 	C:\Program Files\Java\jdk-17\bin\VCRUNTIME140.dll
0x00007fff94ef0000 - 0x00007fff95182000 	C:\WINDOWS\WinSxS\amd64_microsoft.windows.common-controls_6595b64144ccf1df_6.0.22621.4541_none_2710d1c57384c085\COMCTL32.dll
0x00007fff99150000 - 0x00007fff9915a000 	C:\WINDOWS\SYSTEM32\VERSION.dll
0x00007fffa32e0000 - 0x00007fffa3311000 	C:\WINDOWS\System32\IMM32.DLL
0x00007fff9b810000 - 0x00007fff9b81c000 	C:\Program Files\Java\jdk-17\bin\vcruntime140_1.dll
0x00007fff74410000 - 0x00007fff7449e000 	C:\Program Files\Java\jdk-17\bin\msvcp140.dll
0x00007ffea1b10000 - 0x00007ffea26f0000 	C:\Program Files\Java\jdk-17\bin\server\jvm.dll
0x00007fffa3140000 - 0x00007fffa3148000 	C:\WINDOWS\System32\PSAPI.DLL
0x00007fff84fc0000 - 0x00007fff84fc9000 	C:\WINDOWS\SYSTEM32\WSOCK32.dll
0x00007fffa4d70000 - 0x00007fffa4de1000 	C:\WINDOWS\System32\WS2_32.dll
0x00007fff9ace0000 - 0x00007fff9ad14000 	C:\WINDOWS\SYSTEM32\WINMM.dll
0x00007fffa1810000 - 0x00007fffa1828000 	C:\WINDOWS\SYSTEM32\kernel.appcore.dll
0x00007fff74400000 - 0x00007fff7440a000 	C:\Program Files\Java\jdk-17\bin\jimage.dll
0x00007fffa00a0000 - 0x00007fffa02d2000 	C:\WINDOWS\SYSTEM32\DBGHELP.DLL
0x00007fffa4df0000 - 0x00007fffa517f000 	C:\WINDOWS\System32\combase.dll
0x00007fffa3660000 - 0x00007fffa3737000 	C:\WINDOWS\System32\OLEAUT32.dll
0x00007fff98d80000 - 0x00007fff98db2000 	C:\WINDOWS\SYSTEM32\dbgcore.DLL
0x00007fffa2c10000 - 0x00007fffa2c8b000 	C:\WINDOWS\System32\bcryptPrimitives.dll
0x00007fff743d0000 - 0x00007fff743f5000 	C:\Program Files\Java\jdk-17\bin\java.dll
0x00007fff742f0000 - 0x00007fff743c7000 	C:\Program Files\Java\jdk-17\bin\jsvml.dll
0x00007fffa4370000 - 0x00007fffa4be8000 	C:\WINDOWS\System32\SHELL32.dll
0x00007fffa05f0000 - 0x00007fffa0ef8000 	C:\WINDOWS\SYSTEM32\windows.storage.dll
0x00007fffa04b0000 - 0x00007fffa05ef000 	C:\WINDOWS\SYSTEM32\wintypes.dll
0x00007fffa3170000 - 0x00007fffa326a000 	C:\WINDOWS\System32\SHCORE.dll
0x00007fffa3c50000 - 0x00007fffa3cae000 	C:\WINDOWS\System32\shlwapi.dll
0x00007fffa2630000 - 0x00007fffa265b000 	C:\WINDOWS\SYSTEM32\profapi.dll
0x00007fff742d0000 - 0x00007fff742e9000 	C:\Program Files\Java\jdk-17\bin\net.dll
0x00007fff9c7f0000 - 0x00007fff9c926000 	C:\WINDOWS\SYSTEM32\WINHTTP.dll
0x00007fffa1cb0000 - 0x00007fffa1d19000 	C:\WINDOWS\system32\mswsock.dll
0x00007fff742b0000 - 0x00007fff742c6000 	C:\Program Files\Java\jdk-17\bin\nio.dll
0x00007fff74290000 - 0x00007fff742a8000 	C:\Program Files\Java\jdk-17\bin\zip.dll
0x00007fff74280000 - 0x00007fff74290000 	C:\Program Files\Java\jdk-17\bin\verify.dll

dbghelp: loaded successfully - version: 4.0.5 - missing functions: none
symbol engine: initialized successfully - sym options: 0x614 - pdb path: .;C:\Program Files\Java\jdk-17\bin;C:\WINDOWS\SYSTEM32;C:\WINDOWS\WinSxS\amd64_microsoft.windows.common-controls_6595b64144ccf1df_6.0.22621.4541_none_2710d1c57384c085;C:\Program Files\Java\jdk-17\bin\server

VM Arguments:
java_command: org.jetbrains.kotlin.cli.jvm.K2JVMCompiler @C:\Users\chlwl\yeodam\node_modules\@react-native\gradle-plugin\settings-plugin\build\20241212_13048288554513874057.compiler.options
java_class_path (initial): C:\Users\chlwl\.gradle\caches\modules-2\files-2.1\org.jetbrains.kotlin\kotlin-compiler-embeddable\1.9.24\78dab849090e6c5e2eadb6e59a11cdc28fb67a08\kotlin-compiler-embeddable-1.9.24.jar;C:\Users\chlwl\.gradle\caches\modules-2\files-2.1\org.jetbrains.kotlin\kotlin-stdlib\1.9.24\9928532f12c66ad816a625b3f9984f8368ca6d2b\kotlin-stdlib-1.9.24.jar;C:\Users\chlwl\.gradle\caches\modules-2\files-2.1\org.jetbrains.kotlin\kotlin-script-runtime\1.9.24\96771497da90fbc5af1c90fce148db2595a62502\kotlin-script-runtime-1.9.24.jar;C:\Users\chlwl\.gradle\caches\modules-2\files-2.1\org.jetbrains.kotlin\kotlin-reflect\1.6.10\1cbe9c92c12a94eea200d23c2bbaedaf3daf5132\kotlin-reflect-1.6.10.jar;C:\Users\chlwl\.gradle\caches\modules-2\files-2.1\org.jetbrains.kotlin\kotlin-daemon-embeddable\1.9.24\86685b9c5e8d170925bd9ddbdc263374a6a73281\kotlin-daemon-embeddable-1.9.24.jar;C:\Users\chlwl\.gradle\caches\modules-2\files-2.1\org.jetbrains.intellij.deps\trove4j\1.0.20200330\3afb14d5f9ceb459d724e907a21145e8ff394f02\trove4j-1.0.20200330.jar;C:\Users\chlwl\.gradle\caches\modules-2\files-2.1\org.jetbrains\annotations\13.0\919f0dfe192fb4e063e7dacadee7f8bb9a2672a9\annotations-13.0.jar
Launcher Type: SUN_STANDARD

[Global flags]
     intx CICompilerCount                          = 4                                         {product} {ergonomic}
     uint ConcGCThreads                            = 2                                         {product} {ergonomic}
     uint G1ConcRefinementThreads                  = 8                                         {product} {ergonomic}
   size_t G1HeapRegionSize                         = 1048576                                   {product} {ergonomic}
    uintx GCDrainStackTargetSize                   = 64                                        {product} {ergonomic}
   size_t InitialHeapSize                          = 132120576                                 {product} {ergonomic}
   size_t MarkStackSize                            = 4194304                                   {product} {ergonomic}
   size_t MaxHeapSize                              = 2086666240                                {product} {ergonomic}
   size_t MaxNewSize                               = 1251999744                                {product} {ergonomic}
   size_t MinHeapDeltaBytes                        = 1048576                                   {product} {ergonomic}
   size_t MinHeapSize                              = 8388608                                   {product} {ergonomic}
    uintx NonNMethodCodeHeapSize                   = 5839372                                {pd product} {ergonomic}
    uintx NonProfiledCodeHeapSize                  = 122909434                              {pd product} {ergonomic}
    uintx ProfiledCodeHeapSize                     = 122909434                              {pd product} {ergonomic}
    uintx ReservedCodeCacheSize                    = 251658240                              {pd product} {ergonomic}
     bool SegmentedCodeCache                       = true                                      {product} {ergonomic}
   size_t SoftMaxHeapSize                          = 2086666240                             {manageable} {ergonomic}
     bool UseCompressedClassPointers               = true                           {product lp64_product} {ergonomic}
     bool UseCompressedOops                        = true                           {product lp64_product} {ergonomic}
     bool UseG1GC                                  = true                                      {product} {ergonomic}
     bool UseLargePagesIndividualAllocation        = false                                  {pd product} {ergonomic}

Logging:
Log output configuration:
 #0: stdout all=warning uptime,level,tags
 #1: stderr all=off uptime,level,tags

Environment Variables:
JAVA_HOME=C:\Program Files\Java\jdk-17
CLASSPATH=C:\Users\chlwl\yeodam\android\\gradle\wrapper\gradle-wrapper.jar
PATH=C:\Program Files\Java\jdk-17\bin;C:\python\Scripts\;C:\python\;C:\MinGW\bin;C:\Users\chlwl\OneDrive\ \Python311\Scripts\;C:\;sers\chlwl\OneDrive\ \Python311\;C:\;rogram Files (x86)\NAT Service;C:\windows\system32;C:\windows;C:\windows\System32\Wbem;C:\windows\System32\WindowsPowerShell\v1.0\;C:\windows\System32\OpenSSH\;C:\Program Files (x86)\NVIDIA Corporation\PhysX\Common;C:\Program Files\NVIDIA Corporation\NVIDIA NvDLISR;C:\Program Files\Intel\WiFi\bin\;C:\Program Files\Common Files\Intel\WirelessCommon\;C:\WINDOWS\system32;C:\WINDOWS;C:\WINDOWS\System32\Wbem;C:\WINDOWS\System32\WindowsPowerShell\v1.0\;C:\WINDOWS\System32\OpenSSH\;C:\Program Files\Git\cmd;C:\Users\chlwl\AppData\Roaming\npm\node_modules\yarn;C:\ProgramData\chocolatey\bin;C:\Program Files\PuTTY\;C:\Program Files\nodejs\;c:\Users\chlwl\AppData\Local\Programs\cursor\resources\app\bin;C:\Users\chlwl\AppData\Local\Android\Sdk\platform-tools;C:\Users\chlwl\AppData\Local\Android\Sdk\build-tools;C:\Users\chlwl\AppData\Local\Android\Sdk\tools;C:\Users\chlwl\AppData\Local\Android\Sdk\cmdline-tools\latest\bin;C:\Users\chlwl\AppData\Roaming\nvm;C:\Program Files\nodejs;C:\Users\chlwl\AppData\Local\Programs\Python\Python39\Scripts\;C:\Users\chlwl\AppData\Local\Programs\Python\Python39\;C:\Users\chlwl\AppData\Local\Programs\Python\Python310\Scripts\;C:\Users\chlwl\AppData\Local\Programs\Python\Python310\;C:\python\Scripts\;C:\python\;C:\python\Python311\Scripts;C:\python\Python311;C:\Users\chlwl\OneDrive\ \Scripts\;C:\Users\chlwl\OneDrive\ \;C:\Users\chlwl\AppData\Local\Microsoft\WindowsApps;C:\Users\chlwl\Downloads\Microsoft VS Code\bin;C:\Program Files\JetBrains\PyCharm Community Edition 2024.2.4\bin;;C:\Program Files\JetBrains\IntelliJ IDEA Community Edition 2023.3.5\bin;;C:\Users\chlwl\AppData\Roaming\npm;C:\Users\chlwl\AppData\Local\Android\Sdk\platform-tools;
USERNAME=chlwl
LANG=ko_KR.UTF-8
OS=Windows_NT
PROCESSOR_IDENTIFIER=Intel64 Family 6 Model 126 Stepping 5, GenuineIntel



---------------  S Y S T E M  ---------------

OS:
 Windows 11 , 64 bit Build 22621 (10.0.22621.4391)
OS uptime: 1 days 2:23 hours
Hyper-V role detected

CPU: total 8 (initial active 8) (4 cores per cpu, 2 threads per core) family 6 model 126 stepping 5 microcode 0xa0, cx8, cmov, fxsr, ht, mmx, 3dnowpref, sse, sse2, sse3, ssse3, sse4.1, sse4.2, popcnt, lzcnt, tsc, tscinvbit, avx, avx2, aes, erms, clmul, bmi1, bmi2, adx, avx512f, avx512dq, avx512cd, avx512bw, avx512vl, sha, fma, vzeroupper, avx512_vpopcntdq, avx512_vpclmulqdq, avx512_vaes, avx512_vnni, clflush, clflushopt, avx512_vbmi2, avx512_vbmi, hv

Memory: 4k page, system-wide physical 7953M (274M free)
TotalPageFile size 32529M (AvailPageFile size 13M)
current process WorkingSet (physical memory assigned to process): 265M, peak: 267M
current process commit charge ("private bytes"): 307M, peak: 308M

vm_info: Java HotSpot(TM) 64-Bit Server VM (17.0.12+8-LTS-286) for windows-amd64 JRE (17.0.12+8-LTS-286), built on Jun  5 2024 06:46:59 by "mach5one" with MS VC++ 17.6 (VS2022)

END.
